MPASM  5.31                             E.ASM   11-1-2023  14:17:33         PAGE  1


LOC  OBJECT CODE     LINE SOURCE TEXT
  VALUE

                      00001 #include <p16f628a.inc>                 
                      00001         LIST
                      00002 ; P16F628A.INC  Standard Header File, Version 1.10    Microchip Technology, Inc.
                      00265         LIST
                      00266 
2007   3F10           00002                         __config 3f10
                      00003                         ORG 0X00
                      00004 
                      00005 
0000   1683           00006                         BSF             STATUS,RP0
Message[302]: Register in operand not in bank 0.  Ensure that bank bits are correct.
0001   1006           00007                         BCF             TRISB,0
Message[302]: Register in operand not in bank 0.  Ensure that bank bits are correct.
0002   1086           00008                         BCF             TRISB,1
Message[302]: Register in operand not in bank 0.  Ensure that bank bits are correct.
0003   1106           00009                         BCF             TRISB,2
Message[302]: Register in operand not in bank 0.  Ensure that bank bits are correct.
0004   1186           00010                         BCF             TRISB,3
0005   1283           00011                         BCF     STATUS,RP0
0006   0186           00012                         CLRF    PORTB
0007   2???           00013                         CALL    Main
                      00014 
                      00015 
0008                  00016 Main
                      00017                 
0008                  00018 loop4
0008   1406           00019                         BSF     PORTB, 0
0009   2???           00020                         CALL    delay_500mili
                      00021 
000A   1486           00022                         BSF     PORTB, 1
000B   2???           00023                         CALL    delay_500mili
                      00024 
000C   1506           00025                         BSF     PORTB, 2
000D   2???           00026                         CALL    delay_500mili
                      00027 
000E   1586           00028                         BSF     PORTB, 3
000F   2???           00029                         CALL    delay_500mili
                      00030 ;ACA SE APAGAN
0010   1186           00031                         BCF             PORTB,3
0011   2???           00032                         CALL    delay_500mili
                      00033                         
0012   1106           00034                         BCF             PORTB,2
0013   2???           00035                         CALL    delay_500mili
                      00036 
0014   1086           00037                         BCF             PORTB,1
0015   2???           00038                         CALL    delay_500mili
                      00039 
0016   1006           00040                         BCF             PORTB,0
0017   2???           00041                         CALL    delay_500mili
                      00042 
0018   2???           00043                         GOTO    Main
                      00044 
                      00045                         
MPASM  5.31                             E.ASM   11-1-2023  14:17:33         PAGE  2


LOC  OBJECT CODE     LINE SOURCE TEXT
  VALUE

0019                  00046 Delay_1mili                                     
  00000020            00047 CONT1   EQU             0X20            
0019   30FA           00048                         MOVLW   .250
001A   00A0           00049                         MOVWF   CONT1
                      00050                                 
001B   0000           00051 loop            NOP
001C   0BA0           00052                         DECFSZ  CONT1,1
001D   2???           00053                         GOTO    loop
001E   01A0           00054                         CLRF    CONT1
001F   0008           00055                         RETURN
                      00056         
0020                  00057 delay_250mili                           
  00000021            00058 CONT2   EQU             0X21
0020   30FA           00059                         MOVLW   .250
0021   00A1           00060                         MOVWF   CONT2
0022                  00061 loop2           
0022   2???           00062                         CALL    Delay_1mili
0023   0BA1           00063                         DECFSZ  CONT2,1         
0024   2???           00064                         GOTO    loop2
0025   01A1           00065                         CLRF    CONT2
0026   0008           00066                         RETURN
                      00067 
0027                  00068 delay_500mili                           
  00000022            00069 CONT5   EQU             0X22
0027   3002           00070                         MOVLW   .2
0028   00A2           00071                         MOVWF   CONT5
0029                  00072 loop5           
0029   2???           00073                         CALL    delay_250mili
002A   0BA2           00074                         DECFSZ  CONT5,1         
002B   2???           00075                         GOTO    loop5
                      00076 
002C   01A2           00077                         CLRF    CONT5
002D   0008           00078                         RETURN
                      00079                         
                      00080                 
                      00081                         
002E                  00082 delay_1SEGUNDO                          
  00000022            00083 CONT3   EQU             0X22
002E   3004           00084                         MOVLW   .4
002F   00A2           00085                         MOVWF   CONT3
0030                  00086 loop3           
0030   2???           00087                         CALL    delay_250mili
0031   0BA2           00088                         DECFSZ  CONT3,1         
0032   2???           00089                         GOTO    loop3
0033   01A2           00090                         CLRF    CONT3
0034   0008           00091                         RETURN
                      00092                         
                      00093                 
3F10                  00094                         END
MPASM  5.31                             E.ASM   11-1-2023  14:17:33         PAGE  3


SYMBOL TABLE
  LABEL                             VALUE 

ADEN                              00000003
BRGH                              00000002
C                                 00000000
C1INV                             00000004
C1OUT                             00000006
C2INV                             00000005
C2OUT                             00000007
CCP1CON                           00000017
CCP1IE                            00000002
CCP1IF                            00000002
CCP1M0                            00000000
CCP1M1                            00000001
CCP1M2                            00000002
CCP1M3                            00000003
CCP1X                             00000005
CCP1Y                             00000004
CCPR1H                            00000016
CCPR1L                            00000015
CIS                               00000003
CM0                               00000000
CM1                               00000001
CM2                               00000002
CMCON                             0000001F
CMIE                              00000006
CMIF                              00000006
CONT1                             00000020
CONT2                             00000021
CONT3                             00000022
CONT5                             00000022
CREN                              00000004
CSRC                              00000007
DC                                00000001
Delay_1mili                       00000019
EEADR                             0000009B
EECON1                            0000009C
EECON2                            0000009D
EEDATA                            0000009A
EEIE                              00000007
EEIF                              00000007
F                                 00000001
FERR                              00000002
FSR                               00000004
GIE                               00000007
INDF                              00000000
INTCON                            0000000B
INTE                              00000004
INTEDG                            00000006
INTF                              00000001
IRP                               00000007
Main                              00000008
NOT_BO                            00000000
NOT_BOD                           00000000
NOT_BOR                           00000000
MPASM  5.31                             E.ASM   11-1-2023  14:17:33         PAGE  4


SYMBOL TABLE
  LABEL                             VALUE 

NOT_PD                            00000003
NOT_POR                           00000001
NOT_RBPU                          00000007
NOT_T1SYNC                        00000002
NOT_TO                            00000004
OERR                              00000001
OPTION_REG                        00000081
OSCF                              00000003
PCL                               00000002
PCLATH                            0000000A
PCON                              0000008E
PEIE                              00000006
PIE1                              0000008C
PIR1                              0000000C
PORTA                             00000005
PORTB                             00000006
PR2                               00000092
PS0                               00000000
PS1                               00000001
PS2                               00000002
PSA                               00000003
RBIE                              00000003
RBIF                              00000000
RCIE                              00000005
RCIF                              00000005
RCREG                             0000001A
RCSTA                             00000018
RD                                00000000
RP0                               00000005
RP1                               00000006
RX9                               00000006
RX9D                              00000000
SPBRG                             00000099
SPEN                              00000007
SREN                              00000005
STATUS                            00000003
SYNC                              00000004
T0CS                              00000005
T0IE                              00000005
T0IF                              00000002
T0SE                              00000004
T1CKPS0                           00000004
T1CKPS1                           00000005
T1CON                             00000010
T1OSCEN                           00000003
T2CKPS0                           00000000
T2CKPS1                           00000001
T2CON                             00000012
TMR0                              00000001
TMR1CS                            00000001
TMR1H                             0000000F
TMR1IE                            00000000
TMR1IF                            00000000
MPASM  5.31                             E.ASM   11-1-2023  14:17:33         PAGE  5


SYMBOL TABLE
  LABEL                             VALUE 

TMR1L                             0000000E
TMR1ON                            00000000
TMR2                              00000011
TMR2IE                            00000001
TMR2IF                            00000001
TMR2ON                            00000002
TOUTPS0                           00000003
TOUTPS1                           00000004
TOUTPS2                           00000005
TOUTPS3                           00000006
TRISA                             00000085
TRISB                             00000086
TRMT                              00000001
TX9                               00000006
TX9D                              00000000
TXEN                              00000005
TXIE                              00000004
TXIF                              00000004
TXREG                             00000019
TXSTA                             00000098
VR0                               00000000
VR1                               00000001
VR2                               00000002
VR3                               00000003
VRCON                             0000009F
VREN                              00000007
VROE                              00000006
VRR                               00000005
W                                 00000000
WR                                00000001
WREN                              00000002
WRERR                             00000003
Z                                 00000002
_BODEN_OFF                        00003FBF
_BODEN_ON                         00003FFF
_BOREN_OFF                        00003FBF
_BOREN_ON                         00003FFF
_CP_OFF                           00003FFF
_CP_ON                            00001FFF
_DATA_CP_OFF                      00003FFF
_DATA_CP_ON                       00003EFF
_ER_OSC_CLKOUT                    00003FFF
_ER_OSC_NOCLKOUT                  00003FFE
_EXTCLK_OSC                       00003FEF
_HS_OSC                           00003FEE
_INTOSC_OSC_CLKOUT                00003FFD
_INTOSC_OSC_NOCLKOUT              00003FFC
_INTRC_OSC_CLKOUT                 00003FFD
_INTRC_OSC_NOCLKOUT               00003FFC
_LP_OSC                           00003FEC
_LVP_OFF                          00003F7F
_LVP_ON                           00003FFF
_MCLRE_OFF                        00003FDF
MPASM  5.31                             E.ASM   11-1-2023  14:17:33         PAGE  6


SYMBOL TABLE
  LABEL                             VALUE 

_MCLRE_ON                         00003FFF
_PWRTE_OFF                        00003FFF
_PWRTE_ON                         00003FF7
_RC_OSC_CLKOUT                    00003FFF
_RC_OSC_NOCLKOUT                  00003FFE
_WDT_OFF                          00003FFB
_WDT_ON                           00003FFF
_XT_OSC                           00003FED
__16F628A                         00000001
__DEBUG                           1
delay_1SEGUNDO                    0000002E
delay_250mili                     00000020
delay_500mili                     00000027
loop                              0000001B
loop2                             00000022
loop3                             00000030
loop4                             00000008
loop5                             00000029

Errors   :     0
Warnings :     0 reported,     0 suppressed
Messages :     4 reported,     0 suppressed

