MPASM  5.31                             D.ASM   10-31-2023  13:47:46         PAGE  1


LOC  OBJECT CODE     LINE SOURCE TEXT
  VALUE

                      00001 #include <p16f628a.inc>
                      00001         LIST
                      00002 ; P16F628A.INC  Standard Header File, Version 1.10    Microchip Technology, Inc.
                      00265         LIST
                      00266 
                      00002         
  00000030            00003 UNIDAD  EQU             0X30
                      00004 
                      00005 
                      00006                 ORG             0X00
0000   2???           00007                 GOTO    INICIO
                      00008 
                      00009                 ORG             0X04
0004   138B           00010                 BCF     INTCON, GIE ; inhabilito las interrupciones globales
0005   108B           00011                 BCF     INTCON, INTF ; bajo el flag de la interrupción
                      00012                 
0006   0830           00013                 MOVF    UNIDAD,W
0007   2???           00014                 CALL    LUCES
0008   0086           00015                 MOVWF   PORTB
                      00016                         
0009   0AB0           00017                 INCF    UNIDAD,1
                      00018 
000A   178B           00019                 BSF     INTCON, GIE ; habilito nuevamente las interrupciones
                      00020 
000B   0009           00021                 RETFIE
                      00022 
                      00023 
000C                  00024 INICIO
000C   178B           00025                 BSF     INTCON, GIE ; Habilito las interrupciones globales
000D   160B           00026                 BSF     INTCON, INTE ; Habilito la interrupción por RB0
                      00027 
000E   1683           00028                 BSF             STATUS,RP0
Message[302]: Register in operand not in bank 0.  Ensure that bank bits are correct.
000F   1381           00029                 BCF     OPTION_REG,NOT_RBPU;boton
                      00030 
Message[302]: Register in operand not in bank 0.  Ensure that bank bits are correct.
0010   1406           00031                 BSF             TRISB,0
Message[302]: Register in operand not in bank 0.  Ensure that bank bits are correct.
0011   1086           00032                 BCF             TRISB,1
Message[302]: Register in operand not in bank 0.  Ensure that bank bits are correct.
0012   1106           00033                 BCF             TRISB,2
0013   1283           00034                 BCF     STATUS,RP0
                      00035 
0014   0186           00036                 CLRF    PORTB   
                      00037 
0015   3001           00038                 MOVLW   .1
0016   00B0           00039                 MOVWF   UNIDAD                  
                      00040 
0017   2???           00041                 GOTO    $
                      00042 
                      00043 
0018                  00044 LUCES
                      00045 
MPASM  5.31                             D.ASM   10-31-2023  13:47:46         PAGE  2


LOC  OBJECT CODE     LINE SOURCE TEXT
  VALUE

0018   0782           00046                 ADDWF   PCL,1
                      00047 
0019   0000           00048                 NOP
                      00049                 
001A   3402           00050                 RETLW   b'00000010'
001B   3406           00051                 RETLW   b'00000110'
001C   3404           00052                 RETLW   b'00000100'
001D   3400           00053                 RETLW   b'00000000'
                      00054 
001E   3000           00055                 MOVLW   .0
001F   00B0           00056                 MOVWF   UNIDAD
                      00057         
0020   0008           00058                 RETURN
                      00059 
                      00060 
0021                  00061 Delay_250ms
                      00062 
  00000021            00063 CONT2   EQU             0X21
                      00064 
0021   30FA           00065                 MOVLW   .250
0022   00A1           00066                 MOVWF   CONT2
                      00067 
0023                  00068 Loop2
0023   2???           00069                 CALL    Delay_1ms
0024   0BA1           00070                 DECFSZ  CONT2,1
0025   2???           00071                 GOTO    Loop2
                      00072 
0026   01A1           00073                 CLRF    CONT2
                      00074 
0027   0008           00075                 RETURN
                      00076 
                      00077 
0028                  00078 Delay_1ms
                      00079 
  00000020            00080 CONT1   EQU             0X20
                      00081 
0028   30FA           00082                 MOVLW   .250
0029   00A0           00083                 MOVWF   CONT1
                      00084 
002A                  00085 Loop1
002A   0000           00086                 NOP
002B   0BA0           00087                 DECFSZ  CONT1,1
002C   2???           00088                 GOTO    Loop1
                      00089 
002D   01A0           00090                 CLRF    CONT1
                      00091 
002E   0008           00092                 RETURN  
                      00093 
                      00094 
                      00095                 END     
MPASM  5.31                             D.ASM   10-31-2023  13:47:46         PAGE  3


SYMBOL TABLE
  LABEL                             VALUE 

ADEN                              00000003
BRGH                              00000002
C                                 00000000
C1INV                             00000004
C1OUT                             00000006
C2INV                             00000005
C2OUT                             00000007
CCP1CON                           00000017
CCP1IE                            00000002
CCP1IF                            00000002
CCP1M0                            00000000
CCP1M1                            00000001
CCP1M2                            00000002
CCP1M3                            00000003
CCP1X                             00000005
CCP1Y                             00000004
CCPR1H                            00000016
CCPR1L                            00000015
CIS                               00000003
CM0                               00000000
CM1                               00000001
CM2                               00000002
CMCON                             0000001F
CMIE                              00000006
CMIF                              00000006
CONT1                             00000020
CONT2                             00000021
CREN                              00000004
CSRC                              00000007
DC                                00000001
Delay_1ms                         00000028
Delay_250ms                       00000021
EEADR                             0000009B
EECON1                            0000009C
EECON2                            0000009D
EEDATA                            0000009A
EEIE                              00000007
EEIF                              00000007
F                                 00000001
FERR                              00000002
FSR                               00000004
GIE                               00000007
INDF                              00000000
INICIO                            0000000C
INTCON                            0000000B
INTE                              00000004
INTEDG                            00000006
INTF                              00000001
IRP                               00000007
LUCES                             00000018
Loop1                             0000002A
Loop2                             00000023
NOT_BO                            00000000
MPASM  5.31                             D.ASM   10-31-2023  13:47:46         PAGE  4


SYMBOL TABLE
  LABEL                             VALUE 

NOT_BOD                           00000000
NOT_BOR                           00000000
NOT_PD                            00000003
NOT_POR                           00000001
NOT_RBPU                          00000007
NOT_T1SYNC                        00000002
NOT_TO                            00000004
OERR                              00000001
OPTION_REG                        00000081
OSCF                              00000003
PCL                               00000002
PCLATH                            0000000A
PCON                              0000008E
PEIE                              00000006
PIE1                              0000008C
PIR1                              0000000C
PORTA                             00000005
PORTB                             00000006
PR2                               00000092
PS0                               00000000
PS1                               00000001
PS2                               00000002
PSA                               00000003
RBIE                              00000003
RBIF                              00000000
RCIE                              00000005
RCIF                              00000005
RCREG                             0000001A
RCSTA                             00000018
RD                                00000000
RP0                               00000005
RP1                               00000006
RX9                               00000006
RX9D                              00000000
SPBRG                             00000099
SPEN                              00000007
SREN                              00000005
STATUS                            00000003
SYNC                              00000004
T0CS                              00000005
T0IE                              00000005
T0IF                              00000002
T0SE                              00000004
T1CKPS0                           00000004
T1CKPS1                           00000005
T1CON                             00000010
T1OSCEN                           00000003
T2CKPS0                           00000000
T2CKPS1                           00000001
T2CON                             00000012
TMR0                              00000001
TMR1CS                            00000001
TMR1H                             0000000F
MPASM  5.31                             D.ASM   10-31-2023  13:47:46         PAGE  5


SYMBOL TABLE
  LABEL                             VALUE 

TMR1IE                            00000000
TMR1IF                            00000000
TMR1L                             0000000E
TMR1ON                            00000000
TMR2                              00000011
TMR2IE                            00000001
TMR2IF                            00000001
TMR2ON                            00000002
TOUTPS0                           00000003
TOUTPS1                           00000004
TOUTPS2                           00000005
TOUTPS3                           00000006
TRISA                             00000085
TRISB                             00000086
TRMT                              00000001
TX9                               00000006
TX9D                              00000000
TXEN                              00000005
TXIE                              00000004
TXIF                              00000004
TXREG                             00000019
TXSTA                             00000098
UNIDAD                            00000030
VR0                               00000000
VR1                               00000001
VR2                               00000002
VR3                               00000003
VRCON                             0000009F
VREN                              00000007
VROE                              00000006
VRR                               00000005
W                                 00000000
WR                                00000001
WREN                              00000002
WRERR                             00000003
Z                                 00000002
_.org_1_0017                      00000017
_BODEN_OFF                        00003FBF
_BODEN_ON                         00003FFF
_BOREN_OFF                        00003FBF
_BOREN_ON                         00003FFF
_CP_OFF                           00003FFF
_CP_ON                            00001FFF
_DATA_CP_OFF                      00003FFF
_DATA_CP_ON                       00003EFF
_ER_OSC_CLKOUT                    00003FFF
_ER_OSC_NOCLKOUT                  00003FFE
_EXTCLK_OSC                       00003FEF
_HS_OSC                           00003FEE
_INTOSC_OSC_CLKOUT                00003FFD
_INTOSC_OSC_NOCLKOUT              00003FFC
_INTRC_OSC_CLKOUT                 00003FFD
_INTRC_OSC_NOCLKOUT               00003FFC
MPASM  5.31                             D.ASM   10-31-2023  13:47:46         PAGE  6


SYMBOL TABLE
  LABEL                             VALUE 

_LP_OSC                           00003FEC
_LVP_OFF                          00003F7F
_LVP_ON                           00003FFF
_MCLRE_OFF                        00003FDF
_MCLRE_ON                         00003FFF
_PWRTE_OFF                        00003FFF
_PWRTE_ON                         00003FF7
_RC_OSC_CLKOUT                    00003FFF
_RC_OSC_NOCLKOUT                  00003FFE
_WDT_OFF                          00003FFB
_WDT_ON                           00003FFF
_XT_OSC                           00003FED
__16F628A                         00000001
__DEBUG                           1

Errors   :     0
Warnings :     0 reported,     0 suppressed
Messages :     4 reported,     0 suppressed

